<?xml version="1.0" encoding="UTF-8"?>
<!-- Generated by org.testng.reporters.JUnitReportReporter -->
<testsuite skipped="0" hostname="LP-5CD7485ZW3" name="functionalTests.LoginTestCase" tests="2" failures="0" timestamp="2020-08-11T23:59:06 IST" time="0.012" errors="0">
  <testcase name="doUserRegistration" time="0.008" classname="functionalTests.LoginTestCase"/>
  <system-out/>
  <testcase name="doLogin" time="0.004" classname="functionalTests.LoginTestCase"/>
  <system-out/>
</testsuite> <!-- functionalTests.LoginTestCase -->
